2022-10-24T05:13:30.383046-00:00 0 [Warning] [MY-011068] [Server] The syntax '--skip-host-cache' is deprecated and will be removed in a future release. Please use SET GLOBAL host_cache_size=0 instead.
2022-10-24T05:13:30.383120-00:00 0 [Warning] [MY-010918] [Server] 'default_authentication_plugin' is deprecated and will be removed in a future release. Please use authentication_policy instead.
2022-10-24T05:13:30.383131-00:00 0 [System] [MY-013169] [Server] /usr/sbin/mysqld (mysqld 8.0.30) initializing of server in progress as process 42
2022-10-24T05:13:30.405980-00:00 1 [System] [MY-013576] [InnoDB] InnoDB initialization has started.
2022-10-24T05:13:31.020235-00:00 1 [System] [MY-013577] [InnoDB] InnoDB initialization has ended.
2022-10-24T05:13:31.737185-00:00 6 [Warning] [MY-010453] [Server] root@localhost is created with an empty password ! Please consider switching off the --initialize-insecure option.
2022-10-24T05:13:40.193448-00:00 0 [Warning] [MY-011068] [Server] The syntax '--skip-host-cache' is deprecated and will be removed in a future release. Please use SET GLOBAL host_cache_size=0 instead.
2022-10-24T05:13:40.194966-00:00 0 [Warning] [MY-010918] [Server] 'default_authentication_plugin' is deprecated and will be removed in a future release. Please use authentication_policy instead.
2022-10-24T05:13:40.194978-00:00 0 [System] [MY-010116] [Server] /usr/sbin/mysqld (mysqld 8.0.30) starting as process 93
2022-10-24T05:13:40.214991-00:00 1 [System] [MY-013576] [InnoDB] InnoDB initialization has started.
2022-10-24T05:13:40.291579-00:00 1 [System] [MY-013577] [InnoDB] InnoDB initialization has ended.
2022-10-24T05:13:40.425584-00:00 0 [Warning] [MY-010068] [Server] CA certificate ca.pem is self signed.
2022-10-24T05:13:40.426169-00:00 0 [System] [MY-013602] [Server] Channel mysql_main configured to support TLS. Encrypted connections are now supported for this channel.
2022-10-24T05:13:40.427787-00:00 0 [Warning] [MY-011810] [Server] Insecure configuration for --pid-file: Location '/var/run/mysqld' in the path is accessible to all OS users. Consider choosing a different directory.
2022-10-24T05:13:40.437130-00:00 0 [System] [MY-011323] [Server] X Plugin ready for connections. Socket: /var/run/mysqld/mysqlx.sock
2022-10-24T05:13:40.437277-00:00 0 [System] [MY-010931] [Server] /usr/sbin/mysqld: ready for connections. Version: '8.0.30'  socket: '/var/run/mysqld/mysqld.sock'  port: 0  MySQL Community Server - GPL.
2022-10-24T05:13:48.896238-00:00 13 [System] [MY-013172] [Server] Received SHUTDOWN from user root. Shutting down mysqld (Version: 8.0.30).
2022-10-24T05:13:49.992079-00:00 0 [System] [MY-010910] [Server] /usr/sbin/mysqld: Shutdown complete (mysqld 8.0.30)  MySQL Community Server - GPL.
2022-10-24T05:13:51.105564-00:00 0 [Warning] [MY-011068] [Server] The syntax '--skip-host-cache' is deprecated and will be removed in a future release. Please use SET GLOBAL host_cache_size=0 instead.
2022-10-24T05:13:51.106230-00:00 0 [Warning] [MY-010918] [Server] 'default_authentication_plugin' is deprecated and will be removed in a future release. Please use authentication_policy instead.
2022-10-24T05:13:51.106241-00:00 0 [System] [MY-010116] [Server] /usr/sbin/mysqld (mysqld 8.0.30) starting as process 1
2022-10-24T05:13:51.122075-00:00 1 [System] [MY-013576] [InnoDB] InnoDB initialization has started.
2022-10-24T05:13:51.187154-00:00 1 [System] [MY-013577] [InnoDB] InnoDB initialization has ended.
2022-10-24T05:13:51.283602-00:00 0 [Warning] [MY-010068] [Server] CA certificate ca.pem is self signed.
2022-10-24T05:13:51.284288-00:00 0 [System] [MY-013602] [Server] Channel mysql_main configured to support TLS. Encrypted connections are now supported for this channel.
2022-10-24T05:13:51.285891-00:00 0 [Warning] [MY-011810] [Server] Insecure configuration for --pid-file: Location '/var/run/mysqld' in the path is accessible to all OS users. Consider choosing a different directory.
2022-10-24T05:13:51.294209-00:00 0 [System] [MY-010931] [Server] /usr/sbin/mysqld: ready for connections. Version: '8.0.30'  socket: '/var/run/mysqld/mysqld.sock'  port: 3306  MySQL Community Server - GPL.
2022-10-24T05:13:51.294232-00:00 0 [System] [MY-011323] [Server] X Plugin ready for connections. Bind-address: '::' port: 33060, socket: /var/run/mysqld/mysqlx.sock
2022-10-25T01:13:23.549722-00:00 0 [Warning] [MY-011068] [Server] The syntax '--skip-host-cache' is deprecated and will be removed in a future release. Please use SET GLOBAL host_cache_size=0 instead.
2022-10-25T01:13:23.549796-00:00 0 [Warning] [MY-010918] [Server] 'default_authentication_plugin' is deprecated and will be removed in a future release. Please use authentication_policy instead.
2022-10-25T01:13:23.549810-00:00 0 [System] [MY-013169] [Server] /usr/sbin/mysqld (mysqld 8.0.30) initializing of server in progress as process 43
2022-10-25T01:13:23.568143-00:00 1 [System] [MY-013576] [InnoDB] InnoDB initialization has started.
2022-10-25T01:13:23.991723-00:00 1 [System] [MY-013577] [InnoDB] InnoDB initialization has ended.
2022-10-25T01:13:24.764852-00:00 6 [Warning] [MY-010453] [Server] root@localhost is created with an empty password ! Please consider switching off the --initialize-insecure option.
2022-10-25T01:13:35.095999-00:00 0 [Warning] [MY-011068] [Server] The syntax '--skip-host-cache' is deprecated and will be removed in a future release. Please use SET GLOBAL host_cache_size=0 instead.
2022-10-25T01:13:35.097202-00:00 0 [Warning] [MY-010918] [Server] 'default_authentication_plugin' is deprecated and will be removed in a future release. Please use authentication_policy instead.
2022-10-25T01:13:35.097214-00:00 0 [System] [MY-010116] [Server] /usr/sbin/mysqld (mysqld 8.0.30) starting as process 94
2022-10-25T01:13:35.115823-00:00 1 [System] [MY-013576] [InnoDB] InnoDB initialization has started.
2022-10-25T01:13:35.213362-00:00 1 [System] [MY-013577] [InnoDB] InnoDB initialization has ended.
2022-10-25T01:13:35.351467-00:00 0 [Warning] [MY-010068] [Server] CA certificate ca.pem is self signed.
2022-10-25T01:13:35.352287-00:00 0 [System] [MY-013602] [Server] Channel mysql_main configured to support TLS. Encrypted connections are now supported for this channel.
2022-10-25T01:13:35.354051-00:00 0 [Warning] [MY-011810] [Server] Insecure configuration for --pid-file: Location '/var/run/mysqld' in the path is accessible to all OS users. Consider choosing a different directory.
2022-10-25T01:13:35.363467-00:00 0 [System] [MY-011323] [Server] X Plugin ready for connections. Socket: /var/run/mysqld/mysqlx.sock
2022-10-25T01:13:35.363490-00:00 0 [System] [MY-010931] [Server] /usr/sbin/mysqld: ready for connections. Version: '8.0.30'  socket: '/var/run/mysqld/mysqld.sock'  port: 0  MySQL Community Server - GPL.
2022-10-25T01:13:43.721908-00:00 13 [System] [MY-013172] [Server] Received SHUTDOWN from user root. Shutting down mysqld (Version: 8.0.30).
2022-10-25T01:13:44.952745-00:00 0 [System] [MY-010910] [Server] /usr/sbin/mysqld: Shutdown complete (mysqld 8.0.30)  MySQL Community Server - GPL.
2022-10-25T01:13:45.928838-00:00 0 [Warning] [MY-011068] [Server] The syntax '--skip-host-cache' is deprecated and will be removed in a future release. Please use SET GLOBAL host_cache_size=0 instead.
2022-10-25T01:13:45.929450-00:00 0 [Warning] [MY-010918] [Server] 'default_authentication_plugin' is deprecated and will be removed in a future release. Please use authentication_policy instead.
2022-10-25T01:13:45.929461-00:00 0 [System] [MY-010116] [Server] /usr/sbin/mysqld (mysqld 8.0.30) starting as process 1
2022-10-25T01:13:45.943462-00:00 1 [System] [MY-013576] [InnoDB] InnoDB initialization has started.
2022-10-25T01:13:46.013116-00:00 1 [System] [MY-013577] [InnoDB] InnoDB initialization has ended.
2022-10-25T01:13:46.108194-00:00 0 [Warning] [MY-010068] [Server] CA certificate ca.pem is self signed.
2022-10-25T01:13:46.109053-00:00 0 [System] [MY-013602] [Server] Channel mysql_main configured to support TLS. Encrypted connections are now supported for this channel.
2022-10-25T01:13:46.111689-00:00 0 [Warning] [MY-011810] [Server] Insecure configuration for --pid-file: Location '/var/run/mysqld' in the path is accessible to all OS users. Consider choosing a different directory.
2022-10-25T01:13:46.121326-00:00 0 [System] [MY-011323] [Server] X Plugin ready for connections. Bind-address: '::' port: 33060, socket: /var/run/mysqld/mysqlx.sock
2022-10-25T01:13:46.121342-00:00 0 [System] [MY-010931] [Server] /usr/sbin/mysqld: ready for connections. Version: '8.0.30'  socket: '/var/run/mysqld/mysqld.sock'  port: 3306  MySQL Community Server - GPL.
2022-10-25T12:03:57.866337-00:00 0 [System] [MY-013172] [Server] Received SHUTDOWN from user <via user signal>. Shutting down mysqld (Version: 8.0.30).
2022-10-25T12:03:58.734519-00:00 0 [System] [MY-010910] [Server] /usr/sbin/mysqld: Shutdown complete (mysqld 8.0.30)  MySQL Community Server - GPL.
